<?xml version="1.0" encoding="UTF-8"?>
<coverage generated="1770132329251" clover="3.2.0">
  <project timestamp="1770132329251" name="All files">
    <metrics statements="78" coveredstatements="78" conditionals="31" coveredconditionals="31" methods="11" coveredmethods="11" elements="120" coveredelements="120" complexity="0" loc="78" ncloc="78" packages="1" files="1" classes="1"/>
    <file name="dates.js" path="/Users/michaelsteinacher/defra/fmp-utilities/lib/dates/dates.js">
      <metrics statements="78" coveredstatements="78" conditionals="31" coveredconditionals="31" methods="11" coveredmethods="11"/>
      <line num="1" count="10" type="stmt"/>
      <line num="2" count="1" type="stmt"/>
      <line num="3" count="1" type="stmt"/>
      <line num="23" count="1" type="stmt"/>
      <line num="24" count="8" type="stmt"/>
      <line num="25" count="8" type="cond" truecount="2" falsecount="0"/>
      <line num="26" count="1" type="stmt"/>
      <line num="28" count="7" type="stmt"/>
      <line num="30" count="1" type="stmt"/>
      <line num="34" count="1" type="stmt"/>
      <line num="35" count="8" type="stmt"/>
      <line num="36" count="8" type="cond" truecount="2" falsecount="0"/>
      <line num="37" count="1" type="stmt"/>
      <line num="39" count="7" type="stmt"/>
      <line num="41" count="1" type="stmt"/>
      <line num="45" count="1" type="stmt"/>
      <line num="46" count="8" type="stmt"/>
      <line num="47" count="8" type="cond" truecount="2" falsecount="0"/>
      <line num="48" count="1" type="stmt"/>
      <line num="50" count="7" type="stmt"/>
      <line num="52" count="1" type="stmt"/>
      <line num="56" count="1" type="stmt"/>
      <line num="57" count="16" type="stmt"/>
      <line num="58" count="16" type="cond" truecount="2" falsecount="0"/>
      <line num="59" count="1" type="stmt"/>
      <line num="61" count="15" type="stmt"/>
      <line num="63" count="2" type="stmt"/>
      <line num="67" count="1" type="stmt"/>
      <line num="68" count="8" type="stmt"/>
      <line num="69" count="8" type="cond" truecount="2" falsecount="0"/>
      <line num="70" count="1" type="stmt"/>
      <line num="72" count="7" type="stmt"/>
      <line num="74" count="1" type="stmt"/>
      <line num="78" count="1" type="cond" truecount="1" falsecount="0"/>
      <line num="79" count="9" type="stmt"/>
      <line num="80" count="9" type="cond" truecount="2" falsecount="0"/>
      <line num="81" count="1" type="stmt"/>
      <line num="83" count="8" type="stmt"/>
      <line num="84" count="8" type="stmt"/>
      <line num="85" count="7" type="cond" truecount="2" falsecount="0"/>
      <line num="86" count="7" type="stmt"/>
      <line num="95" count="1" type="stmt"/>
      <line num="98" count="1" type="stmt"/>
      <line num="105" count="1" type="stmt"/>
      <line num="106" count="9" type="cond" truecount="6" falsecount="0"/>
      <line num="107" count="4" type="stmt"/>
      <line num="110" count="5" type="stmt"/>
      <line num="111" count="5" type="stmt"/>
      <line num="113" count="5" type="stmt"/>
      <line num="114" count="5" type="stmt"/>
      <line num="115" count="5" type="stmt"/>
      <line num="116" count="5" type="stmt"/>
      <line num="118" count="5" type="cond" truecount="2" falsecount="0"/>
      <line num="119" count="5" type="cond" truecount="2" falsecount="0"/>
      <line num="120" count="5" type="stmt"/>
      <line num="121" count="5" type="stmt"/>
      <line num="123" count="5" type="stmt"/>
      <line num="129" count="1" type="stmt"/>
      <line num="130" count="8" type="cond" truecount="2" falsecount="0"/>
      <line num="131" count="1" type="stmt"/>
      <line num="133" count="7" type="stmt"/>
      <line num="134" count="7" type="stmt"/>
      <line num="142" count="6" type="stmt"/>
      <line num="149" count="6" type="stmt"/>
      <line num="157" count="1" type="stmt"/>
      <line num="161" count="1" type="stmt"/>
      <line num="162" count="8" type="stmt"/>
      <line num="163" count="8" type="cond" truecount="2" falsecount="0"/>
      <line num="164" count="1" type="stmt"/>
      <line num="166" count="7" type="stmt"/>
      <line num="168" count="1" type="stmt"/>
      <line num="172" count="1" type="stmt"/>
      <line num="173" count="8" type="stmt"/>
      <line num="174" count="8" type="cond" truecount="2" falsecount="0"/>
      <line num="175" count="1" type="stmt"/>
      <line num="177" count="7" type="stmt"/>
      <line num="179" count="1" type="stmt"/>
      <line num="183" count="1" type="stmt"/>
    </file>
  </project>
</coverage>
