{"/Users/michaelsteinacher/defra/fmp-utilities/lib/dates/dates.js": {"path":"/Users/michaelsteinacher/defra/fmp-utilities/lib/dates/dates.js","statementMap":{"0":{"start":{"line":1,"column":16},"end":{"line":1,"column":51}},"1":{"start":{"line":1,"column":23},"end":{"line":1,"column":51}},"2":{"start":{"line":2,"column":23},"end":{"line":2,"column":38}},"3":{"start":{"line":3,"column":17},"end":{"line":3,"column":22}},"4":{"start":{"line":23,"column":21},"end":{"line":32,"column":1}},"5":{"start":{"line":24,"column":2},"end":{"line":31,"column":3}},"6":{"start":{"line":25,"column":4},"end":{"line":27,"column":5}},"7":{"start":{"line":26,"column":6},"end":{"line":26,"column":15}},"8":{"start":{"line":28,"column":4},"end":{"line":28,"column":106}},"9":{"start":{"line":30,"column":4},"end":{"line":30,"column":13}},"10":{"start":{"line":34,"column":29},"end":{"line":43,"column":1}},"11":{"start":{"line":35,"column":2},"end":{"line":42,"column":3}},"12":{"start":{"line":36,"column":4},"end":{"line":38,"column":5}},"13":{"start":{"line":37,"column":6},"end":{"line":37,"column":15}},"14":{"start":{"line":39,"column":4},"end":{"line":39,"column":106}},"15":{"start":{"line":41,"column":4},"end":{"line":41,"column":13}},"16":{"start":{"line":45,"column":25},"end":{"line":54,"column":1}},"17":{"start":{"line":46,"column":2},"end":{"line":53,"column":3}},"18":{"start":{"line":47,"column":4},"end":{"line":49,"column":5}},"19":{"start":{"line":48,"column":6},"end":{"line":48,"column":15}},"20":{"start":{"line":50,"column":4},"end":{"line":50,"column":127}},"21":{"start":{"line":52,"column":4},"end":{"line":52,"column":13}},"22":{"start":{"line":56,"column":37},"end":{"line":65,"column":1}},"23":{"start":{"line":57,"column":2},"end":{"line":64,"column":3}},"24":{"start":{"line":58,"column":4},"end":{"line":60,"column":5}},"25":{"start":{"line":59,"column":6},"end":{"line":59,"column":15}},"26":{"start":{"line":61,"column":4},"end":{"line":61,"column":125}},"27":{"start":{"line":63,"column":4},"end":{"line":63,"column":13}},"28":{"start":{"line":67,"column":33},"end":{"line":76,"column":1}},"29":{"start":{"line":68,"column":2},"end":{"line":75,"column":3}},"30":{"start":{"line":69,"column":4},"end":{"line":71,"column":5}},"31":{"start":{"line":70,"column":6},"end":{"line":70,"column":15}},"32":{"start":{"line":72,"column":4},"end":{"line":72,"column":143}},"33":{"start":{"line":74,"column":4},"end":{"line":74,"column":13}},"34":{"start":{"line":78,"column":21},"end":{"line":97,"column":1}},"35":{"start":{"line":79,"column":2},"end":{"line":96,"column":3}},"36":{"start":{"line":80,"column":4},"end":{"line":82,"column":5}},"37":{"start":{"line":81,"column":6},"end":{"line":81,"column":15}},"38":{"start":{"line":83,"column":41},"end":{"line":83,"column":87}},"39":{"start":{"line":84,"column":33},"end":{"line":84,"column":60}},"40":{"start":{"line":85,"column":20},"end":{"line":85,"column":84}},"41":{"start":{"line":86,"column":4},"end":{"line":93,"column":9}},"42":{"start":{"line":95,"column":4},"end":{"line":95,"column":13}},"43":{"start":{"line":98,"column":21},"end":{"line":103,"column":1}},"44":{"start":{"line":105,"column":29},"end":{"line":124,"column":1}},"45":{"start":{"line":106,"column":2},"end":{"line":108,"column":3}},"46":{"start":{"line":107,"column":4},"end":{"line":107,"column":13}},"47":{"start":{"line":110,"column":18},"end":{"line":110,"column":37}},"48":{"start":{"line":111,"column":23},"end":{"line":111,"column":42}},"49":{"start":{"line":113,"column":18},"end":{"line":113,"column":64}},"50":{"start":{"line":114,"column":18},"end":{"line":114,"column":69}},"51":{"start":{"line":115,"column":16},"end":{"line":115,"column":65}},"52":{"start":{"line":116,"column":15},"end":{"line":116,"column":58}},"53":{"start":{"line":118,"column":18},"end":{"line":118,"column":40}},"54":{"start":{"line":119,"column":19},"end":{"line":119,"column":43}},"55":{"start":{"line":120,"column":21},"end":{"line":120,"column":37}},"56":{"start":{"line":121,"column":21},"end":{"line":121,"column":42}},"57":{"start":{"line":123,"column":2},"end":{"line":123,"column":59}},"58":{"start":{"line":129,"column":33},"end":{"line":159,"column":1}},"59":{"start":{"line":130,"column":2},"end":{"line":132,"column":3}},"60":{"start":{"line":131,"column":4},"end":{"line":131,"column":13}},"61":{"start":{"line":133,"column":2},"end":{"line":158,"column":3}},"62":{"start":{"line":134,"column":21},"end":{"line":140,"column":24}},"63":{"start":{"line":142,"column":21},"end":{"line":147,"column":24}},"64":{"start":{"line":149,"column":4},"end":{"line":155,"column":32}},"65":{"start":{"line":157,"column":4},"end":{"line":157,"column":13}},"66":{"start":{"line":161,"column":26},"end":{"line":170,"column":1}},"67":{"start":{"line":162,"column":2},"end":{"line":169,"column":3}},"68":{"start":{"line":163,"column":4},"end":{"line":165,"column":5}},"69":{"start":{"line":164,"column":6},"end":{"line":164,"column":15}},"70":{"start":{"line":166,"column":4},"end":{"line":166,"column":79}},"71":{"start":{"line":168,"column":4},"end":{"line":168,"column":13}},"72":{"start":{"line":172,"column":32},"end":{"line":181,"column":1}},"73":{"start":{"line":173,"column":2},"end":{"line":180,"column":3}},"74":{"start":{"line":174,"column":4},"end":{"line":176,"column":5}},"75":{"start":{"line":175,"column":6},"end":{"line":175,"column":15}},"76":{"start":{"line":177,"column":4},"end":{"line":177,"column":79}},"77":{"start":{"line":179,"column":4},"end":{"line":179,"column":13}},"78":{"start":{"line":183,"column":0},"end":{"line":196,"column":1}}},"fnMap":{"0":{"name":"(anonymous_0)","decl":{"start":{"line":1,"column":16},"end":{"line":1,"column":17}},"loc":{"start":{"line":1,"column":23},"end":{"line":1,"column":51}},"line":1},"1":{"name":"(anonymous_1)","decl":{"start":{"line":23,"column":21},"end":{"line":23,"column":22}},"loc":{"start":{"line":23,"column":31},"end":{"line":32,"column":1}},"line":23},"2":{"name":"(anonymous_2)","decl":{"start":{"line":34,"column":29},"end":{"line":34,"column":30}},"loc":{"start":{"line":34,"column":39},"end":{"line":43,"column":1}},"line":34},"3":{"name":"(anonymous_3)","decl":{"start":{"line":45,"column":25},"end":{"line":45,"column":26}},"loc":{"start":{"line":45,"column":33},"end":{"line":54,"column":1}},"line":45},"4":{"name":"(anonymous_4)","decl":{"start":{"line":56,"column":37},"end":{"line":56,"column":38}},"loc":{"start":{"line":56,"column":45},"end":{"line":65,"column":1}},"line":56},"5":{"name":"(anonymous_5)","decl":{"start":{"line":67,"column":33},"end":{"line":67,"column":34}},"loc":{"start":{"line":67,"column":43},"end":{"line":76,"column":1}},"line":67},"6":{"name":"(anonymous_6)","decl":{"start":{"line":78,"column":21},"end":{"line":78,"column":22}},"loc":{"start":{"line":78,"column":60},"end":{"line":97,"column":1}},"line":78},"7":{"name":"(anonymous_7)","decl":{"start":{"line":105,"column":29},"end":{"line":105,"column":30}},"loc":{"start":{"line":105,"column":55},"end":{"line":124,"column":1}},"line":105},"8":{"name":"(anonymous_8)","decl":{"start":{"line":129,"column":33},"end":{"line":129,"column":34}},"loc":{"start":{"line":129,"column":48},"end":{"line":159,"column":1}},"line":129},"9":{"name":"(anonymous_9)","decl":{"start":{"line":161,"column":26},"end":{"line":161,"column":27}},"loc":{"start":{"line":161,"column":36},"end":{"line":170,"column":1}},"line":161},"10":{"name":"(anonymous_10)","decl":{"start":{"line":172,"column":32},"end":{"line":172,"column":33}},"loc":{"start":{"line":172,"column":42},"end":{"line":181,"column":1}},"line":172}},"branchMap":{"0":{"loc":{"start":{"line":25,"column":4},"end":{"line":27,"column":5}},"type":"if","locations":[{"start":{"line":25,"column":4},"end":{"line":27,"column":5}},{"start":{},"end":{}}],"line":25},"1":{"loc":{"start":{"line":36,"column":4},"end":{"line":38,"column":5}},"type":"if","locations":[{"start":{"line":36,"column":4},"end":{"line":38,"column":5}},{"start":{},"end":{}}],"line":36},"2":{"loc":{"start":{"line":47,"column":4},"end":{"line":49,"column":5}},"type":"if","locations":[{"start":{"line":47,"column":4},"end":{"line":49,"column":5}},{"start":{},"end":{}}],"line":47},"3":{"loc":{"start":{"line":58,"column":4},"end":{"line":60,"column":5}},"type":"if","locations":[{"start":{"line":58,"column":4},"end":{"line":60,"column":5}},{"start":{},"end":{}}],"line":58},"4":{"loc":{"start":{"line":69,"column":4},"end":{"line":71,"column":5}},"type":"if","locations":[{"start":{"line":69,"column":4},"end":{"line":71,"column":5}},{"start":{},"end":{}}],"line":69},"5":{"loc":{"start":{"line":78,"column":41},"end":{"line":78,"column":55}},"type":"default-arg","locations":[{"start":{"line":78,"column":53},"end":{"line":78,"column":55}}],"line":78},"6":{"loc":{"start":{"line":80,"column":4},"end":{"line":82,"column":5}},"type":"if","locations":[{"start":{"line":80,"column":4},"end":{"line":82,"column":5}},{"start":{},"end":{}}],"line":80},"7":{"loc":{"start":{"line":85,"column":20},"end":{"line":85,"column":84}},"type":"cond-expr","locations":[{"start":{"line":85,"column":34},"end":{"line":85,"column":79}},{"start":{"line":85,"column":82},"end":{"line":85,"column":84}}],"line":85},"8":{"loc":{"start":{"line":106,"column":2},"end":{"line":108,"column":3}},"type":"if","locations":[{"start":{"line":106,"column":2},"end":{"line":108,"column":3}},{"start":{},"end":{}}],"line":106},"9":{"loc":{"start":{"line":106,"column":8},"end":{"line":106,"column":72}},"type":"binary-expr","locations":[{"start":{"line":106,"column":8},"end":{"line":106,"column":17}},{"start":{"line":106,"column":21},"end":{"line":106,"column":30}},{"start":{"line":106,"column":34},"end":{"line":106,"column":51}},{"start":{"line":106,"column":55},"end":{"line":106,"column":72}}],"line":106},"10":{"loc":{"start":{"line":118,"column":18},"end":{"line":118,"column":40}},"type":"cond-expr","locations":[{"start":{"line":118,"column":25},"end":{"line":118,"column":35}},{"start":{"line":118,"column":38},"end":{"line":118,"column":40}}],"line":118},"11":{"loc":{"start":{"line":119,"column":19},"end":{"line":119,"column":43}},"type":"cond-expr","locations":[{"start":{"line":119,"column":27},"end":{"line":119,"column":38}},{"start":{"line":119,"column":41},"end":{"line":119,"column":43}}],"line":119},"12":{"loc":{"start":{"line":130,"column":2},"end":{"line":132,"column":3}},"type":"if","locations":[{"start":{"line":130,"column":2},"end":{"line":132,"column":3}},{"start":{},"end":{}}],"line":130},"13":{"loc":{"start":{"line":163,"column":4},"end":{"line":165,"column":5}},"type":"if","locations":[{"start":{"line":163,"column":4},"end":{"line":165,"column":5}},{"start":{},"end":{}}],"line":163},"14":{"loc":{"start":{"line":174,"column":4},"end":{"line":176,"column":5}},"type":"if","locations":[{"start":{"line":174,"column":4},"end":{"line":176,"column":5}},{"start":{},"end":{}}],"line":174}},"s":{"0":1,"1":10,"2":1,"3":1,"4":1,"5":8,"6":8,"7":1,"8":7,"9":1,"10":1,"11":8,"12":8,"13":1,"14":7,"15":1,"16":1,"17":8,"18":8,"19":1,"20":7,"21":1,"22":1,"23":16,"24":16,"25":1,"26":15,"27":2,"28":1,"29":8,"30":8,"31":1,"32":7,"33":1,"34":1,"35":9,"36":9,"37":1,"38":8,"39":8,"40":7,"41":7,"42":1,"43":1,"44":1,"45":9,"46":4,"47":5,"48":5,"49":5,"50":5,"51":5,"52":5,"53":5,"54":5,"55":5,"56":5,"57":5,"58":1,"59":8,"60":1,"61":7,"62":7,"63":6,"64":6,"65":1,"66":1,"67":8,"68":8,"69":1,"70":7,"71":1,"72":1,"73":8,"74":8,"75":1,"76":7,"77":1,"78":1},"f":{"0":10,"1":8,"2":8,"3":8,"4":16,"5":8,"6":9,"7":9,"8":8,"9":8,"10":8},"b":{"0":[1,7],"1":[1,7],"2":[1,7],"3":[1,15],"4":[1,7],"5":[9],"6":[1,8],"7":[5,2],"8":[4,5],"9":[9,8,7,6],"10":[2,3],"11":[3,2],"12":[1,7],"13":[1,7],"14":[1,7]},"_coverageSchema":"1a1c01bbd47fc00a2c39e90264f33305004495a9","hash":"51e6fbdbb4fc02c864a594ab097ebfef9d2905eb"}
}
