{"/Users/michaelsteinacher/defra/fmp-utilities/lib/dates.js": {"path":"/Users/michaelsteinacher/defra/fmp-utilities/lib/dates.js","statementMap":{"0":{"start":{"line":1,"column":16},"end":{"line":1,"column":51}},"1":{"start":{"line":1,"column":23},"end":{"line":1,"column":51}},"2":{"start":{"line":2,"column":23},"end":{"line":2,"column":38}},"3":{"start":{"line":23,"column":21},"end":{"line":32,"column":1}},"4":{"start":{"line":24,"column":2},"end":{"line":31,"column":3}},"5":{"start":{"line":25,"column":4},"end":{"line":27,"column":5}},"6":{"start":{"line":26,"column":6},"end":{"line":26,"column":15}},"7":{"start":{"line":28,"column":4},"end":{"line":28,"column":106}},"8":{"start":{"line":30,"column":4},"end":{"line":30,"column":13}},"9":{"start":{"line":34,"column":29},"end":{"line":43,"column":1}},"10":{"start":{"line":35,"column":2},"end":{"line":42,"column":3}},"11":{"start":{"line":36,"column":4},"end":{"line":38,"column":5}},"12":{"start":{"line":37,"column":6},"end":{"line":37,"column":15}},"13":{"start":{"line":39,"column":4},"end":{"line":39,"column":106}},"14":{"start":{"line":41,"column":4},"end":{"line":41,"column":13}},"15":{"start":{"line":45,"column":25},"end":{"line":54,"column":1}},"16":{"start":{"line":46,"column":2},"end":{"line":53,"column":3}},"17":{"start":{"line":47,"column":4},"end":{"line":49,"column":5}},"18":{"start":{"line":48,"column":6},"end":{"line":48,"column":15}},"19":{"start":{"line":50,"column":4},"end":{"line":50,"column":127}},"20":{"start":{"line":52,"column":4},"end":{"line":52,"column":13}},"21":{"start":{"line":56,"column":37},"end":{"line":65,"column":1}},"22":{"start":{"line":57,"column":2},"end":{"line":64,"column":3}},"23":{"start":{"line":58,"column":4},"end":{"line":60,"column":5}},"24":{"start":{"line":59,"column":6},"end":{"line":59,"column":15}},"25":{"start":{"line":61,"column":4},"end":{"line":61,"column":125}},"26":{"start":{"line":63,"column":4},"end":{"line":63,"column":13}},"27":{"start":{"line":67,"column":33},"end":{"line":76,"column":1}},"28":{"start":{"line":68,"column":2},"end":{"line":75,"column":3}},"29":{"start":{"line":69,"column":4},"end":{"line":71,"column":5}},"30":{"start":{"line":70,"column":6},"end":{"line":70,"column":15}},"31":{"start":{"line":72,"column":4},"end":{"line":72,"column":143}},"32":{"start":{"line":74,"column":4},"end":{"line":74,"column":13}},"33":{"start":{"line":78,"column":21},"end":{"line":97,"column":1}},"34":{"start":{"line":79,"column":2},"end":{"line":96,"column":3}},"35":{"start":{"line":80,"column":4},"end":{"line":82,"column":5}},"36":{"start":{"line":81,"column":6},"end":{"line":81,"column":15}},"37":{"start":{"line":83,"column":41},"end":{"line":83,"column":87}},"38":{"start":{"line":84,"column":33},"end":{"line":84,"column":60}},"39":{"start":{"line":85,"column":20},"end":{"line":85,"column":84}},"40":{"start":{"line":86,"column":4},"end":{"line":93,"column":9}},"41":{"start":{"line":95,"column":4},"end":{"line":95,"column":13}},"42":{"start":{"line":98,"column":21},"end":{"line":103,"column":1}},"43":{"start":{"line":105,"column":29},"end":{"line":116,"column":1}},"44":{"start":{"line":106,"column":2},"end":{"line":108,"column":3}},"45":{"start":{"line":107,"column":4},"end":{"line":107,"column":13}},"46":{"start":{"line":109,"column":18},"end":{"line":109,"column":37}},"47":{"start":{"line":110,"column":23},"end":{"line":110,"column":42}},"48":{"start":{"line":111,"column":18},"end":{"line":111,"column":64}},"49":{"start":{"line":112,"column":18},"end":{"line":112,"column":69}},"50":{"start":{"line":113,"column":16},"end":{"line":113,"column":65}},"51":{"start":{"line":114,"column":15},"end":{"line":114,"column":58}},"52":{"start":{"line":115,"column":2},"end":{"line":115,"column":112}},"53":{"start":{"line":121,"column":33},"end":{"line":151,"column":1}},"54":{"start":{"line":122,"column":2},"end":{"line":124,"column":3}},"55":{"start":{"line":123,"column":4},"end":{"line":123,"column":13}},"56":{"start":{"line":125,"column":2},"end":{"line":150,"column":3}},"57":{"start":{"line":126,"column":21},"end":{"line":132,"column":24}},"58":{"start":{"line":134,"column":21},"end":{"line":139,"column":24}},"59":{"start":{"line":141,"column":4},"end":{"line":147,"column":32}},"60":{"start":{"line":149,"column":4},"end":{"line":149,"column":13}},"61":{"start":{"line":153,"column":0},"end":{"line":164,"column":1}}},"fnMap":{"0":{"name":"(anonymous_0)","decl":{"start":{"line":1,"column":16},"end":{"line":1,"column":17}},"loc":{"start":{"line":1,"column":23},"end":{"line":1,"column":51}},"line":1},"1":{"name":"(anonymous_1)","decl":{"start":{"line":23,"column":21},"end":{"line":23,"column":22}},"loc":{"start":{"line":23,"column":31},"end":{"line":32,"column":1}},"line":23},"2":{"name":"(anonymous_2)","decl":{"start":{"line":34,"column":29},"end":{"line":34,"column":30}},"loc":{"start":{"line":34,"column":39},"end":{"line":43,"column":1}},"line":34},"3":{"name":"(anonymous_3)","decl":{"start":{"line":45,"column":25},"end":{"line":45,"column":26}},"loc":{"start":{"line":45,"column":33},"end":{"line":54,"column":1}},"line":45},"4":{"name":"(anonymous_4)","decl":{"start":{"line":56,"column":37},"end":{"line":56,"column":38}},"loc":{"start":{"line":56,"column":45},"end":{"line":65,"column":1}},"line":56},"5":{"name":"(anonymous_5)","decl":{"start":{"line":67,"column":33},"end":{"line":67,"column":34}},"loc":{"start":{"line":67,"column":43},"end":{"line":76,"column":1}},"line":67},"6":{"name":"(anonymous_6)","decl":{"start":{"line":78,"column":21},"end":{"line":78,"column":22}},"loc":{"start":{"line":78,"column":60},"end":{"line":97,"column":1}},"line":78},"7":{"name":"(anonymous_7)","decl":{"start":{"line":105,"column":29},"end":{"line":105,"column":30}},"loc":{"start":{"line":105,"column":55},"end":{"line":116,"column":1}},"line":105},"8":{"name":"(anonymous_8)","decl":{"start":{"line":121,"column":33},"end":{"line":121,"column":34}},"loc":{"start":{"line":121,"column":48},"end":{"line":151,"column":1}},"line":121}},"branchMap":{"0":{"loc":{"start":{"line":25,"column":4},"end":{"line":27,"column":5}},"type":"if","locations":[{"start":{"line":25,"column":4},"end":{"line":27,"column":5}},{"start":{},"end":{}}],"line":25},"1":{"loc":{"start":{"line":36,"column":4},"end":{"line":38,"column":5}},"type":"if","locations":[{"start":{"line":36,"column":4},"end":{"line":38,"column":5}},{"start":{},"end":{}}],"line":36},"2":{"loc":{"start":{"line":47,"column":4},"end":{"line":49,"column":5}},"type":"if","locations":[{"start":{"line":47,"column":4},"end":{"line":49,"column":5}},{"start":{},"end":{}}],"line":47},"3":{"loc":{"start":{"line":58,"column":4},"end":{"line":60,"column":5}},"type":"if","locations":[{"start":{"line":58,"column":4},"end":{"line":60,"column":5}},{"start":{},"end":{}}],"line":58},"4":{"loc":{"start":{"line":69,"column":4},"end":{"line":71,"column":5}},"type":"if","locations":[{"start":{"line":69,"column":4},"end":{"line":71,"column":5}},{"start":{},"end":{}}],"line":69},"5":{"loc":{"start":{"line":78,"column":41},"end":{"line":78,"column":55}},"type":"default-arg","locations":[{"start":{"line":78,"column":53},"end":{"line":78,"column":55}}],"line":78},"6":{"loc":{"start":{"line":80,"column":4},"end":{"line":82,"column":5}},"type":"if","locations":[{"start":{"line":80,"column":4},"end":{"line":82,"column":5}},{"start":{},"end":{}}],"line":80},"7":{"loc":{"start":{"line":85,"column":20},"end":{"line":85,"column":84}},"type":"cond-expr","locations":[{"start":{"line":85,"column":34},"end":{"line":85,"column":79}},{"start":{"line":85,"column":82},"end":{"line":85,"column":84}}],"line":85},"8":{"loc":{"start":{"line":106,"column":2},"end":{"line":108,"column":3}},"type":"if","locations":[{"start":{"line":106,"column":2},"end":{"line":108,"column":3}},{"start":{},"end":{}}],"line":106},"9":{"loc":{"start":{"line":106,"column":8},"end":{"line":106,"column":72}},"type":"binary-expr","locations":[{"start":{"line":106,"column":8},"end":{"line":106,"column":17}},{"start":{"line":106,"column":21},"end":{"line":106,"column":30}},{"start":{"line":106,"column":34},"end":{"line":106,"column":51}},{"start":{"line":106,"column":55},"end":{"line":106,"column":72}}],"line":106},"10":{"loc":{"start":{"line":115,"column":12},"end":{"line":115,"column":34}},"type":"cond-expr","locations":[{"start":{"line":115,"column":19},"end":{"line":115,"column":29}},{"start":{"line":115,"column":32},"end":{"line":115,"column":34}}],"line":115},"11":{"loc":{"start":{"line":115,"column":37},"end":{"line":115,"column":61}},"type":"cond-expr","locations":[{"start":{"line":115,"column":45},"end":{"line":115,"column":56}},{"start":{"line":115,"column":59},"end":{"line":115,"column":61}}],"line":115},"12":{"loc":{"start":{"line":122,"column":2},"end":{"line":124,"column":3}},"type":"if","locations":[{"start":{"line":122,"column":2},"end":{"line":124,"column":3}},{"start":{},"end":{}}],"line":122}},"s":{"0":1,"1":10,"2":1,"3":1,"4":8,"5":8,"6":1,"7":7,"8":1,"9":1,"10":8,"11":8,"12":1,"13":7,"14":1,"15":1,"16":8,"17":8,"18":1,"19":7,"20":1,"21":1,"22":16,"23":16,"24":1,"25":15,"26":2,"27":1,"28":8,"29":8,"30":1,"31":7,"32":1,"33":1,"34":9,"35":9,"36":1,"37":8,"38":8,"39":7,"40":7,"41":1,"42":1,"43":1,"44":9,"45":4,"46":5,"47":5,"48":5,"49":5,"50":5,"51":5,"52":5,"53":1,"54":12,"55":2,"56":10,"57":10,"58":9,"59":9,"60":1,"61":1},"f":{"0":10,"1":8,"2":8,"3":8,"4":16,"5":8,"6":9,"7":9,"8":12},"b":{"0":[1,7],"1":[1,7],"2":[1,7],"3":[1,15],"4":[1,7],"5":[9],"6":[1,8],"7":[5,2],"8":[4,5],"9":[9,8,7,6],"10":[2,3],"11":[3,2],"12":[2,10]},"_coverageSchema":"1a1c01bbd47fc00a2c39e90264f33305004495a9","hash":"f60266c8dccd4d2e7e6521115e36dac8d507290a"}
}
