TN:
SF:lib/dates/dates.js
FN:1,(anonymous_0)
FN:23,(anonymous_1)
FN:34,(anonymous_2)
FN:45,(anonymous_3)
FN:56,(anonymous_4)
FN:67,(anonymous_5)
FN:78,(anonymous_6)
FN:105,(anonymous_7)
FN:129,(anonymous_8)
FN:161,(anonymous_9)
FN:172,(anonymous_10)
FNF:11
FNH:11
FNDA:10,(anonymous_0)
FNDA:8,(anonymous_1)
FNDA:8,(anonymous_2)
FNDA:8,(anonymous_3)
FNDA:16,(anonymous_4)
FNDA:8,(anonymous_5)
FNDA:9,(anonymous_6)
FNDA:9,(anonymous_7)
FNDA:8,(anonymous_8)
FNDA:8,(anonymous_9)
FNDA:8,(anonymous_10)
DA:1,10
DA:2,1
DA:3,1
DA:23,1
DA:24,8
DA:25,8
DA:26,1
DA:28,7
DA:30,1
DA:34,1
DA:35,8
DA:36,8
DA:37,1
DA:39,7
DA:41,1
DA:45,1
DA:46,8
DA:47,8
DA:48,1
DA:50,7
DA:52,1
DA:56,1
DA:57,16
DA:58,16
DA:59,1
DA:61,15
DA:63,2
DA:67,1
DA:68,8
DA:69,8
DA:70,1
DA:72,7
DA:74,1
DA:78,1
DA:79,9
DA:80,9
DA:81,1
DA:83,8
DA:84,8
DA:85,7
DA:86,7
DA:95,1
DA:98,1
DA:105,1
DA:106,9
DA:107,4
DA:110,5
DA:111,5
DA:113,5
DA:114,5
DA:115,5
DA:116,5
DA:118,5
DA:119,5
DA:120,5
DA:121,5
DA:123,5
DA:129,1
DA:130,8
DA:131,1
DA:133,7
DA:134,7
DA:142,6
DA:149,6
DA:157,1
DA:161,1
DA:162,8
DA:163,8
DA:164,1
DA:166,7
DA:168,1
DA:172,1
DA:173,8
DA:174,8
DA:175,1
DA:177,7
DA:179,1
DA:183,1
LF:78
LH:78
BRDA:25,0,0,1
BRDA:25,0,1,7
BRDA:36,1,0,1
BRDA:36,1,1,7
BRDA:47,2,0,1
BRDA:47,2,1,7
BRDA:58,3,0,1
BRDA:58,3,1,15
BRDA:69,4,0,1
BRDA:69,4,1,7
BRDA:78,5,0,9
BRDA:80,6,0,1
BRDA:80,6,1,8
BRDA:85,7,0,5
BRDA:85,7,1,2
BRDA:106,8,0,4
BRDA:106,8,1,5
BRDA:106,9,0,9
BRDA:106,9,1,8
BRDA:106,9,2,7
BRDA:106,9,3,6
BRDA:118,10,0,2
BRDA:118,10,1,3
BRDA:119,11,0,3
BRDA:119,11,1,2
BRDA:130,12,0,1
BRDA:130,12,1,7
BRDA:163,13,0,1
BRDA:163,13,1,7
BRDA:174,14,0,1
BRDA:174,14,1,7
BRF:31
BRH:31
end_of_record
