TN:
SF:lib/dates.js
FN:1,(anonymous_0)
FN:23,(anonymous_1)
FN:34,(anonymous_2)
FN:45,(anonymous_3)
FN:56,(anonymous_4)
FN:67,(anonymous_5)
FN:78,(anonymous_6)
FN:105,(anonymous_7)
FN:121,(anonymous_8)
FNF:9
FNH:9
FNDA:10,(anonymous_0)
FNDA:8,(anonymous_1)
FNDA:8,(anonymous_2)
FNDA:8,(anonymous_3)
FNDA:16,(anonymous_4)
FNDA:8,(anonymous_5)
FNDA:9,(anonymous_6)
FNDA:9,(anonymous_7)
FNDA:12,(anonymous_8)
DA:1,10
DA:2,1
DA:23,1
DA:24,8
DA:25,8
DA:26,1
DA:28,7
DA:30,1
DA:34,1
DA:35,8
DA:36,8
DA:37,1
DA:39,7
DA:41,1
DA:45,1
DA:46,8
DA:47,8
DA:48,1
DA:50,7
DA:52,1
DA:56,1
DA:57,16
DA:58,16
DA:59,1
DA:61,15
DA:63,2
DA:67,1
DA:68,8
DA:69,8
DA:70,1
DA:72,7
DA:74,1
DA:78,1
DA:79,9
DA:80,9
DA:81,1
DA:83,8
DA:84,8
DA:85,7
DA:86,7
DA:95,1
DA:98,1
DA:105,1
DA:106,9
DA:107,4
DA:109,5
DA:110,5
DA:111,5
DA:112,5
DA:113,5
DA:114,5
DA:115,5
DA:121,1
DA:122,12
DA:123,2
DA:125,10
DA:126,10
DA:134,9
DA:141,9
DA:149,1
DA:153,1
LF:61
LH:61
BRDA:25,0,0,1
BRDA:25,0,1,7
BRDA:36,1,0,1
BRDA:36,1,1,7
BRDA:47,2,0,1
BRDA:47,2,1,7
BRDA:58,3,0,1
BRDA:58,3,1,15
BRDA:69,4,0,1
BRDA:69,4,1,7
BRDA:78,5,0,9
BRDA:80,6,0,1
BRDA:80,6,1,8
BRDA:85,7,0,5
BRDA:85,7,1,2
BRDA:106,8,0,4
BRDA:106,8,1,5
BRDA:106,9,0,9
BRDA:106,9,1,8
BRDA:106,9,2,7
BRDA:106,9,3,6
BRDA:115,10,0,2
BRDA:115,10,1,3
BRDA:115,11,0,3
BRDA:115,11,1,2
BRDA:122,12,0,2
BRDA:122,12,1,10
BRF:27
BRH:27
end_of_record
